[0.489s] Invoking command in '/home/xiluo/robot_lidar/src/lidar': DEBUGINFOD_URLS=https://debuginfod.ubuntu.com PYTHONPATH=/home/xiluo/robot_lidar/build/lidar/prefix_override:/usr/lib/python3/dist-packages/colcon_core/task/python/colcon_distutils_commands:/home/xiluo/robot_lidar/install/lidar/lib/python3.12/site-packages:${PYTHONPATH} /usr/bin/python3 -W ignore:setup.py install is deprecated -W ignore:easy_install command is deprecated setup.py egg_info --egg-base ../../build/lidar build --build-base /home/xiluo/robot_lidar/build/lidar/build install --record /home/xiluo/robot_lidar/build/lidar/install.log --single-version-externally-managed install_data
[0.627s] running egg_info
[0.635s] writing ../../build/lidar/lidar.egg-info/PKG-INFO
[0.635s] writing dependency_links to ../../build/lidar/lidar.egg-info/dependency_links.txt
[0.636s] writing entry points to ../../build/lidar/lidar.egg-info/entry_points.txt
[0.636s] writing requirements to ../../build/lidar/lidar.egg-info/requires.txt
[0.636s] writing top-level names to ../../build/lidar/lidar.egg-info/top_level.txt
[0.653s] reading manifest file '../../build/lidar/lidar.egg-info/SOURCES.txt'
[0.654s] writing manifest file '../../build/lidar/lidar.egg-info/SOURCES.txt'
[0.654s] running build
[0.654s] running build_py
[0.654s] running install
[0.657s] running install_lib
[0.666s] running install_data
[0.666s] copying launch/start_gazebo.launch.py -> /home/xiluo/robot_lidar/install/lidar/share/lidar/launch
[0.666s] copying world/demo.sdf -> /home/xiluo/robot_lidar/install/lidar/share/lidar/world
[0.667s] copying world/room.sdf -> /home/xiluo/robot_lidar/install/lidar/share/lidar/world
[0.667s] running install_egg_info
[0.676s] removing '/home/xiluo/robot_lidar/install/lidar/lib/python3.12/site-packages/lidar-0.0.0-py3.12.egg-info' (and everything under it)
[0.676s] Copying ../../build/lidar/lidar.egg-info to /home/xiluo/robot_lidar/install/lidar/lib/python3.12/site-packages/lidar-0.0.0-py3.12.egg-info
[0.676s] running install_scripts
[0.741s] Installing rotate_wheel script to /home/xiluo/robot_lidar/install/lidar/lib/lidar
[0.741s] writing list of installed files to '/home/xiluo/robot_lidar/build/lidar/install.log'
[0.757s] Invoked command in '/home/xiluo/robot_lidar/src/lidar' returned '0': DEBUGINFOD_URLS=https://debuginfod.ubuntu.com PYTHONPATH=/home/xiluo/robot_lidar/build/lidar/prefix_override:/usr/lib/python3/dist-packages/colcon_core/task/python/colcon_distutils_commands:/home/xiluo/robot_lidar/install/lidar/lib/python3.12/site-packages:${PYTHONPATH} /usr/bin/python3 -W ignore:setup.py install is deprecated -W ignore:easy_install command is deprecated setup.py egg_info --egg-base ../../build/lidar build --build-base /home/xiluo/robot_lidar/build/lidar/build install --record /home/xiluo/robot_lidar/build/lidar/install.log --single-version-externally-managed install_data
