running egg_info
writing ../../build/lidar/lidar.egg-info/PKG-INFO
writing dependency_links to ../../build/lidar/lidar.egg-info/dependency_links.txt
writing entry points to ../../build/lidar/lidar.egg-info/entry_points.txt
writing requirements to ../../build/lidar/lidar.egg-info/requires.txt
writing top-level names to ../../build/lidar/lidar.egg-info/top_level.txt
reading manifest file '../../build/lidar/lidar.egg-info/SOURCES.txt'
writing manifest file '../../build/lidar/lidar.egg-info/SOURCES.txt'
running build
running build_py
copying lidar/robot.py -> /home/xiluo/Swept_lidar/build/lidar/build/lib/lidar
running install
running install_lib
copying /home/xiluo/Swept_lidar/build/lidar/build/lib/lidar/robot.py -> /home/xiluo/Swept_lidar/install/lidar/lib/python3.12/site-packages/lidar
byte-compiling /home/xiluo/Swept_lidar/install/lidar/lib/python3.12/site-packages/lidar/robot.py to robot.cpython-312.pyc
running install_data
copying launch/start_gazebo.launch.py -> /home/xiluo/Swept_lidar/install/lidar/share/lidar/launch
running install_egg_info
removing '/home/xiluo/Swept_lidar/install/lidar/lib/python3.12/site-packages/lidar-0.0.0-py3.12.egg-info' (and everything under it)
Copying ../../build/lidar/lidar.egg-info to /home/xiluo/Swept_lidar/install/lidar/lib/python3.12/site-packages/lidar-0.0.0-py3.12.egg-info
running install_scripts
Installing rotate_wheel script to /home/xiluo/Swept_lidar/install/lidar/lib/lidar
writing list of installed files to '/home/xiluo/Swept_lidar/build/lidar/install.log'
