[4.171s] Invoking command in '/home/xiluo/Swept_lidar/src/lidar': DEBUGINFOD_URLS=https://debuginfod.ubuntu.com PYTHONPATH=/home/xiluo/Swept_lidar/build/lidar/prefix_override:/usr/lib/python3/dist-packages/colcon_core/task/python/colcon_distutils_commands:/home/xiluo/Swept_lidar/install/lidar/lib/python3.12/site-packages:${PYTHONPATH} /usr/bin/python3 -W ignore:setup.py install is deprecated -W ignore:easy_install command is deprecated setup.py egg_info --egg-base ../../build/lidar build --build-base /home/xiluo/Swept_lidar/build/lidar/build install --record /home/xiluo/Swept_lidar/build/lidar/install.log --single-version-externally-managed install_data
[4.929s] running egg_info
[4.984s] writing ../../build/lidar/lidar.egg-info/PKG-INFO
[4.985s] writing dependency_links to ../../build/lidar/lidar.egg-info/dependency_links.txt
[4.986s] writing entry points to ../../build/lidar/lidar.egg-info/entry_points.txt
[4.987s] writing requirements to ../../build/lidar/lidar.egg-info/requires.txt
[4.987s] writing top-level names to ../../build/lidar/lidar.egg-info/top_level.txt
[5.090s] reading manifest file '../../build/lidar/lidar.egg-info/SOURCES.txt'
[5.108s] writing manifest file '../../build/lidar/lidar.egg-info/SOURCES.txt'
[5.108s] running build
[5.108s] running build_py
[5.110s] running install
[5.125s] running install_lib
[5.185s] running install_data
[5.185s] copying launch/start_gazebo.launch.py -> /home/xiluo/Swept_lidar/install/lidar/share/lidar/launch
[5.186s] copying urdf/robot.urdf -> /home/xiluo/Swept_lidar/install/lidar/share/lidar/urdf
[5.194s] creating /home/xiluo/Swept_lidar/install/lidar/share/lidar/config
[5.194s] copying config/bridge.yaml -> /home/xiluo/Swept_lidar/install/lidar/share/lidar/config
[5.197s] creating /home/xiluo/Swept_lidar/install/lidar/share/lidar/world
[5.197s] running install_egg_info
[5.255s] removing '/home/xiluo/Swept_lidar/install/lidar/lib/python3.12/site-packages/lidar-0.0.0-py3.12.egg-info' (and everything under it)
[5.256s] Copying ../../build/lidar/lidar.egg-info to /home/xiluo/Swept_lidar/install/lidar/lib/python3.12/site-packages/lidar-0.0.0-py3.12.egg-info
[5.259s] running install_scripts
[5.625s] Installing rotate_wheel script to /home/xiluo/Swept_lidar/install/lidar/lib/lidar
[5.626s] writing list of installed files to '/home/xiluo/Swept_lidar/build/lidar/install.log'
[5.687s] Invoked command in '/home/xiluo/Swept_lidar/src/lidar' returned '0': DEBUGINFOD_URLS=https://debuginfod.ubuntu.com PYTHONPATH=/home/xiluo/Swept_lidar/build/lidar/prefix_override:/usr/lib/python3/dist-packages/colcon_core/task/python/colcon_distutils_commands:/home/xiluo/Swept_lidar/install/lidar/lib/python3.12/site-packages:${PYTHONPATH} /usr/bin/python3 -W ignore:setup.py install is deprecated -W ignore:easy_install command is deprecated setup.py egg_info --egg-base ../../build/lidar build --build-base /home/xiluo/Swept_lidar/build/lidar/build install --record /home/xiluo/Swept_lidar/build/lidar/install.log --single-version-externally-managed install_data
