[2.333s] Invoking command in '/home/xiluo/Swept_lidar/src/lidar': DEBUGINFOD_URLS=https://debuginfod.ubuntu.com PYTHONPATH=/home/xiluo/Swept_lidar/build/lidar/prefix_override:/usr/lib/python3/dist-packages/colcon_core/task/python/colcon_distutils_commands:/home/xiluo/Swept_lidar/install/lidar/lib/python3.12/site-packages:${PYTHONPATH} /usr/bin/python3 -W ignore:setup.py install is deprecated -W ignore:easy_install command is deprecated setup.py egg_info --egg-base ../../build/lidar build --build-base /home/xiluo/Swept_lidar/build/lidar/build install --record /home/xiluo/Swept_lidar/build/lidar/install.log --single-version-externally-managed install_data
[3.117s] running egg_info
[3.178s] writing ../../build/lidar/lidar.egg-info/PKG-INFO
[3.178s] writing dependency_links to ../../build/lidar/lidar.egg-info/dependency_links.txt
[3.180s] writing entry points to ../../build/lidar/lidar.egg-info/entry_points.txt
[3.181s] writing requirements to ../../build/lidar/lidar.egg-info/requires.txt
[3.182s] writing top-level names to ../../build/lidar/lidar.egg-info/top_level.txt
[3.304s] reading manifest file '../../build/lidar/lidar.egg-info/SOURCES.txt'
[3.307s] writing manifest file '../../build/lidar/lidar.egg-info/SOURCES.txt'
[3.308s] running build
[3.308s] running build_py
[3.309s] running install
[3.323s] running install_lib
[3.385s] running install_data
[3.385s] copying launch/start_gazebo.launch.py -> /home/xiluo/Swept_lidar/install/lidar/share/lidar/launch
[3.386s] running install_egg_info
[3.450s] removing '/home/xiluo/Swept_lidar/install/lidar/lib/python3.12/site-packages/lidar-0.0.0-py3.12.egg-info' (and everything under it)
[3.451s] Copying ../../build/lidar/lidar.egg-info to /home/xiluo/Swept_lidar/install/lidar/lib/python3.12/site-packages/lidar-0.0.0-py3.12.egg-info
[3.453s] running install_scripts
[3.878s] Installing rotate_wheel script to /home/xiluo/Swept_lidar/install/lidar/lib/lidar
[3.881s] writing list of installed files to '/home/xiluo/Swept_lidar/build/lidar/install.log'
[3.938s] Invoked command in '/home/xiluo/Swept_lidar/src/lidar' returned '0': DEBUGINFOD_URLS=https://debuginfod.ubuntu.com PYTHONPATH=/home/xiluo/Swept_lidar/build/lidar/prefix_override:/usr/lib/python3/dist-packages/colcon_core/task/python/colcon_distutils_commands:/home/xiluo/Swept_lidar/install/lidar/lib/python3.12/site-packages:${PYTHONPATH} /usr/bin/python3 -W ignore:setup.py install is deprecated -W ignore:easy_install command is deprecated setup.py egg_info --egg-base ../../build/lidar build --build-base /home/xiluo/Swept_lidar/build/lidar/build install --record /home/xiluo/Swept_lidar/build/lidar/install.log --single-version-externally-managed install_data
