running egg_info
creating ../../build/lidar/lidar.egg-info
writing ../../build/lidar/lidar.egg-info/PKG-INFO
writing dependency_links to ../../build/lidar/lidar.egg-info/dependency_links.txt
writing entry points to ../../build/lidar/lidar.egg-info/entry_points.txt
writing requirements to ../../build/lidar/lidar.egg-info/requires.txt
writing top-level names to ../../build/lidar/lidar.egg-info/top_level.txt
writing manifest file '../../build/lidar/lidar.egg-info/SOURCES.txt'
reading manifest file '../../build/lidar/lidar.egg-info/SOURCES.txt'
writing manifest file '../../build/lidar/lidar.egg-info/SOURCES.txt'
running build
running build_py
creating /home/xiluo/Swept_lidar/build/lidar/build
creating /home/xiluo/Swept_lidar/build/lidar/build/lib
creating /home/xiluo/Swept_lidar/build/lidar/build/lib/lidar
copying lidar/__init__.py -> /home/xiluo/Swept_lidar/build/lidar/build/lib/lidar
copying lidar/rotate_wheel.py -> /home/xiluo/Swept_lidar/build/lidar/build/lib/lidar
running install
running install_lib
creating /home/xiluo/Swept_lidar/install/lidar/lib/python3.12/site-packages/lidar
copying /home/xiluo/Swept_lidar/build/lidar/build/lib/lidar/__init__.py -> /home/xiluo/Swept_lidar/install/lidar/lib/python3.12/site-packages/lidar
copying /home/xiluo/Swept_lidar/build/lidar/build/lib/lidar/rotate_wheel.py -> /home/xiluo/Swept_lidar/install/lidar/lib/python3.12/site-packages/lidar
byte-compiling /home/xiluo/Swept_lidar/install/lidar/lib/python3.12/site-packages/lidar/__init__.py to __init__.cpython-312.pyc
byte-compiling /home/xiluo/Swept_lidar/install/lidar/lib/python3.12/site-packages/lidar/rotate_wheel.py to rotate_wheel.cpython-312.pyc
running install_data
creating /home/xiluo/Swept_lidar/install/lidar/share/ament_index
creating /home/xiluo/Swept_lidar/install/lidar/share/ament_index/resource_index
creating /home/xiluo/Swept_lidar/install/lidar/share/ament_index/resource_index/packages
copying resource/lidar -> /home/xiluo/Swept_lidar/install/lidar/share/ament_index/resource_index/packages
copying package.xml -> /home/xiluo/Swept_lidar/install/lidar/share/lidar
creating /home/xiluo/Swept_lidar/install/lidar/share/lidar/launch
copying launch/start.launch.py -> /home/xiluo/Swept_lidar/install/lidar/share/lidar/launch
copying launch/start_gazebo.launch.py -> /home/xiluo/Swept_lidar/install/lidar/share/lidar/launch
copying launch/display_rviz2.launch.py -> /home/xiluo/Swept_lidar/install/lidar/share/lidar/launch
creating /home/xiluo/Swept_lidar/install/lidar/share/lidar/urdf
copying urdf/robot.urdf -> /home/xiluo/Swept_lidar/install/lidar/share/lidar/urdf
running install_egg_info
Copying ../../build/lidar/lidar.egg-info to /home/xiluo/Swept_lidar/install/lidar/lib/python3.12/site-packages/lidar-0.0.0-py3.12.egg-info
running install_scripts
Installing rotate_wheel script to /home/xiluo/Swept_lidar/install/lidar/lib/lidar
writing list of installed files to '/home/xiluo/Swept_lidar/build/lidar/install.log'
