[2.101s] Invoking command in '/home/xiluo/Swept_lidar/src/lidar': DEBUGINFOD_URLS=https://debuginfod.ubuntu.com PYTHONPATH=/home/xiluo/Swept_lidar/build/lidar/prefix_override:/usr/lib/python3/dist-packages/colcon_core/task/python/colcon_distutils_commands:/home/xiluo/Swept_lidar/install/lidar/lib/python3.12/site-packages:${PYTHONPATH} /usr/bin/python3 -W ignore:setup.py install is deprecated -W ignore:easy_install command is deprecated setup.py egg_info --egg-base ../../build/lidar build --build-base /home/xiluo/Swept_lidar/build/lidar/build install --record /home/xiluo/Swept_lidar/build/lidar/install.log --single-version-externally-managed install_data
[2.787s] running egg_info
[2.788s] creating ../../build/lidar/lidar.egg-info
[2.828s] writing ../../build/lidar/lidar.egg-info/PKG-INFO
[2.829s] writing dependency_links to ../../build/lidar/lidar.egg-info/dependency_links.txt
[2.830s] writing entry points to ../../build/lidar/lidar.egg-info/entry_points.txt
[2.831s] writing requirements to ../../build/lidar/lidar.egg-info/requires.txt
[2.831s] writing top-level names to ../../build/lidar/lidar.egg-info/top_level.txt
[2.831s] writing manifest file '../../build/lidar/lidar.egg-info/SOURCES.txt'
[2.942s] reading manifest file '../../build/lidar/lidar.egg-info/SOURCES.txt'
[2.944s] writing manifest file '../../build/lidar/lidar.egg-info/SOURCES.txt'
[2.945s] running build
[2.945s] running build_py
[2.946s] creating /home/xiluo/Swept_lidar/build/lidar/build
[2.946s] creating /home/xiluo/Swept_lidar/build/lidar/build/lib
[2.947s] creating /home/xiluo/Swept_lidar/build/lidar/build/lib/lidar
[2.947s] copying lidar/__init__.py -> /home/xiluo/Swept_lidar/build/lidar/build/lib/lidar
[2.947s] copying lidar/rotate_wheel.py -> /home/xiluo/Swept_lidar/build/lidar/build/lib/lidar
[2.948s] running install
[2.962s] running install_lib
[3.022s] creating /home/xiluo/Swept_lidar/install/lidar/lib/python3.12/site-packages/lidar
[3.022s] copying /home/xiluo/Swept_lidar/build/lidar/build/lib/lidar/__init__.py -> /home/xiluo/Swept_lidar/install/lidar/lib/python3.12/site-packages/lidar
[3.023s] copying /home/xiluo/Swept_lidar/build/lidar/build/lib/lidar/rotate_wheel.py -> /home/xiluo/Swept_lidar/install/lidar/lib/python3.12/site-packages/lidar
[3.024s] byte-compiling /home/xiluo/Swept_lidar/install/lidar/lib/python3.12/site-packages/lidar/__init__.py to __init__.cpython-312.pyc
[3.025s] byte-compiling /home/xiluo/Swept_lidar/install/lidar/lib/python3.12/site-packages/lidar/rotate_wheel.py to rotate_wheel.cpython-312.pyc
[3.029s] running install_data
[3.029s] creating /home/xiluo/Swept_lidar/install/lidar/share/ament_index
[3.030s] creating /home/xiluo/Swept_lidar/install/lidar/share/ament_index/resource_index
[3.030s] creating /home/xiluo/Swept_lidar/install/lidar/share/ament_index/resource_index/packages
[3.030s] copying resource/lidar -> /home/xiluo/Swept_lidar/install/lidar/share/ament_index/resource_index/packages
[3.031s] copying package.xml -> /home/xiluo/Swept_lidar/install/lidar/share/lidar
[3.031s] creating /home/xiluo/Swept_lidar/install/lidar/share/lidar/launch
[3.031s] copying launch/start.launch.py -> /home/xiluo/Swept_lidar/install/lidar/share/lidar/launch
[3.031s] copying launch/start_gazebo.launch.py -> /home/xiluo/Swept_lidar/install/lidar/share/lidar/launch
[3.031s] copying launch/display_rviz2.launch.py -> /home/xiluo/Swept_lidar/install/lidar/share/lidar/launch
[3.032s] creating /home/xiluo/Swept_lidar/install/lidar/share/lidar/urdf
[3.032s] copying urdf/robot.urdf -> /home/xiluo/Swept_lidar/install/lidar/share/lidar/urdf
[3.032s] running install_egg_info
[3.090s] Copying ../../build/lidar/lidar.egg-info to /home/xiluo/Swept_lidar/install/lidar/lib/python3.12/site-packages/lidar-0.0.0-py3.12.egg-info
[3.092s] running install_scripts
[3.467s] Installing rotate_wheel script to /home/xiluo/Swept_lidar/install/lidar/lib/lidar
[3.467s] writing list of installed files to '/home/xiluo/Swept_lidar/build/lidar/install.log'
[3.520s] Invoked command in '/home/xiluo/Swept_lidar/src/lidar' returned '0': DEBUGINFOD_URLS=https://debuginfod.ubuntu.com PYTHONPATH=/home/xiluo/Swept_lidar/build/lidar/prefix_override:/usr/lib/python3/dist-packages/colcon_core/task/python/colcon_distutils_commands:/home/xiluo/Swept_lidar/install/lidar/lib/python3.12/site-packages:${PYTHONPATH} /usr/bin/python3 -W ignore:setup.py install is deprecated -W ignore:easy_install command is deprecated setup.py egg_info --egg-base ../../build/lidar build --build-base /home/xiluo/Swept_lidar/build/lidar/build install --record /home/xiluo/Swept_lidar/build/lidar/install.log --single-version-externally-managed install_data
