[0.467s] Invoking command in '/home/xiluo/robot_lidar/src/lidar': DEBUGINFOD_URLS=https://debuginfod.ubuntu.com PYTHONPATH=/home/xiluo/robot_lidar/build/lidar/prefix_override:/usr/lib/python3/dist-packages/colcon_core/task/python/colcon_distutils_commands:/home/xiluo/robot_lidar/install/lidar/lib/python3.12/site-packages:${PYTHONPATH} /usr/bin/python3 -W ignore:setup.py install is deprecated -W ignore:easy_install command is deprecated setup.py egg_info --egg-base ../../build/lidar build --build-base /home/xiluo/robot_lidar/build/lidar/build install --record /home/xiluo/robot_lidar/build/lidar/install.log --single-version-externally-managed install_data
[0.601s] running egg_info
[0.610s] writing ../../build/lidar/lidar.egg-info/PKG-INFO
[0.610s] writing dependency_links to ../../build/lidar/lidar.egg-info/dependency_links.txt
[0.610s] writing entry points to ../../build/lidar/lidar.egg-info/entry_points.txt
[0.610s] writing requirements to ../../build/lidar/lidar.egg-info/requires.txt
[0.610s] writing top-level names to ../../build/lidar/lidar.egg-info/top_level.txt
[0.627s] reading manifest file '../../build/lidar/lidar.egg-info/SOURCES.txt'
[0.628s] writing manifest file '../../build/lidar/lidar.egg-info/SOURCES.txt'
[0.628s] running build
[0.628s] running build_py
[0.628s] running install
[0.632s] running install_lib
[0.641s] running install_data
[0.641s] running install_egg_info
[0.650s] removing '/home/xiluo/robot_lidar/install/lidar/lib/python3.12/site-packages/lidar-0.0.0-py3.12.egg-info' (and everything under it)
[0.650s] Copying ../../build/lidar/lidar.egg-info to /home/xiluo/robot_lidar/install/lidar/lib/python3.12/site-packages/lidar-0.0.0-py3.12.egg-info
[0.650s] running install_scripts
[0.709s] Installing rotate_wheel script to /home/xiluo/robot_lidar/install/lidar/lib/lidar
[0.710s] writing list of installed files to '/home/xiluo/robot_lidar/build/lidar/install.log'
[0.726s] Invoked command in '/home/xiluo/robot_lidar/src/lidar' returned '0': DEBUGINFOD_URLS=https://debuginfod.ubuntu.com PYTHONPATH=/home/xiluo/robot_lidar/build/lidar/prefix_override:/usr/lib/python3/dist-packages/colcon_core/task/python/colcon_distutils_commands:/home/xiluo/robot_lidar/install/lidar/lib/python3.12/site-packages:${PYTHONPATH} /usr/bin/python3 -W ignore:setup.py install is deprecated -W ignore:easy_install command is deprecated setup.py egg_info --egg-base ../../build/lidar build --build-base /home/xiluo/robot_lidar/build/lidar/build install --record /home/xiluo/robot_lidar/build/lidar/install.log --single-version-externally-managed install_data
