[0.582s] DEBUG:colcon:Command line arguments: ['/usr/bin/colcon', 'build', '--packages-select', 'lidar']
[0.582s] DEBUG:colcon:Parsed command line arguments: Namespace(log_base=None, log_level=None, verb_name='build', build_base='build', install_base='install', merge_install=False, symlink_install=False, test_result_base=None, continue_on_error=False, executor='parallel', parallel_workers=6, event_handlers=None, ignore_user_meta=False, metas=['./colcon.meta'], base_paths=['.'], packages_ignore=None, packages_ignore_regex=None, paths=None, packages_up_to=None, packages_up_to_regex=None, packages_above=None, packages_above_and_dependencies=None, packages_above_depth=None, packages_select_by_dep=None, packages_skip_by_dep=None, packages_skip_up_to=None, packages_select_build_failed=False, packages_skip_build_finished=False, packages_select_test_failures=False, packages_skip_test_passed=False, packages_select=['lidar'], packages_skip=None, packages_select_regex=None, packages_skip_regex=None, packages_start=None, packages_end=None, allow_overriding=[], cmake_args=None, cmake_target=None, cmake_target_skip_unavailable=False, cmake_clean_cache=False, cmake_clean_first=False, cmake_force_configure=False, ament_cmake_args=None, catkin_cmake_args=None, catkin_skip_building_tests=False, verb_parser=<colcon_defaults.argument_parser.defaults.DefaultArgumentsDecorator object at 0x7eab70166480>, verb_extension=<colcon_core.verb.build.BuildVerb object at 0x7eab702964e0>, main=<bound method BuildVerb.main of <colcon_core.verb.build.BuildVerb object at 0x7eab702964e0>>)
[0.724s] Level 1:colcon.colcon_core.package_discovery:discover_packages(colcon_meta) check parameters
[0.725s] Level 1:colcon.colcon_core.package_discovery:discover_packages(recursive) check parameters
[0.725s] Level 1:colcon.colcon_core.package_discovery:discover_packages(ignore) check parameters
[0.725s] Level 1:colcon.colcon_core.package_discovery:discover_packages(path) check parameters
[0.725s] Level 1:colcon.colcon_core.package_discovery:discover_packages(colcon_meta) discover
[0.725s] Level 1:colcon.colcon_core.package_discovery:discover_packages(recursive) discover
[0.725s] INFO:colcon.colcon_core.package_discovery:Crawling recursively for packages in '/home/xiluo/Swept_lidar'
[0.726s] Level 1:colcon.colcon_core.package_identification:_identify(.) by extensions ['ignore', 'ignore_ament_install']
[0.726s] Level 1:colcon.colcon_core.package_identification:_identify(.) by extension 'ignore'
[0.726s] Level 1:colcon.colcon_core.package_identification:_identify(.) by extension 'ignore_ament_install'
[0.726s] Level 1:colcon.colcon_core.package_identification:_identify(.) by extensions ['colcon_pkg']
[0.726s] Level 1:colcon.colcon_core.package_identification:_identify(.) by extension 'colcon_pkg'
[0.727s] Level 1:colcon.colcon_core.package_identification:_identify(.) by extensions ['colcon_meta']
[0.727s] Level 1:colcon.colcon_core.package_identification:_identify(.) by extension 'colcon_meta'
[0.727s] Level 1:colcon.colcon_core.package_identification:_identify(.) by extensions ['ros']
[0.727s] Level 1:colcon.colcon_core.package_identification:_identify(.) by extension 'ros'
[0.795s] Level 1:colcon.colcon_core.package_identification:_identify(.) by extensions ['cmake', 'python']
[0.796s] Level 1:colcon.colcon_core.package_identification:_identify(.) by extension 'cmake'
[0.796s] Level 1:colcon.colcon_core.package_identification:_identify(.) by extension 'python'
[0.796s] Level 1:colcon.colcon_core.package_identification:_identify(.) by extensions ['python_setup_py']
[0.797s] Level 1:colcon.colcon_core.package_identification:_identify(.) by extension 'python_setup_py'
[0.797s] Level 1:colcon.colcon_core.package_identification:_identify(build) by extensions ['ignore', 'ignore_ament_install']
[0.797s] Level 1:colcon.colcon_core.package_identification:_identify(build) by extension 'ignore'
[0.798s] Level 1:colcon.colcon_core.package_identification:_identify(build) ignored
[0.800s] Level 1:colcon.colcon_core.package_identification:_identify(install) by extensions ['ignore', 'ignore_ament_install']
[0.800s] Level 1:colcon.colcon_core.package_identification:_identify(install) by extension 'ignore'
[0.800s] Level 1:colcon.colcon_core.package_identification:_identify(install) ignored
[0.800s] Level 1:colcon.colcon_core.package_identification:_identify(launch) by extensions ['ignore', 'ignore_ament_install']
[0.801s] Level 1:colcon.colcon_core.package_identification:_identify(launch) by extension 'ignore'
[0.801s] Level 1:colcon.colcon_core.package_identification:_identify(launch) by extension 'ignore_ament_install'
[0.801s] Level 1:colcon.colcon_core.package_identification:_identify(launch) by extensions ['colcon_pkg']
[0.801s] Level 1:colcon.colcon_core.package_identification:_identify(launch) by extension 'colcon_pkg'
[0.801s] Level 1:colcon.colcon_core.package_identification:_identify(launch) by extensions ['colcon_meta']
[0.801s] Level 1:colcon.colcon_core.package_identification:_identify(launch) by extension 'colcon_meta'
[0.801s] Level 1:colcon.colcon_core.package_identification:_identify(launch) by extensions ['ros']
[0.802s] Level 1:colcon.colcon_core.package_identification:_identify(launch) by extension 'ros'
[0.802s] Level 1:colcon.colcon_core.package_identification:_identify(launch) by extensions ['cmake', 'python']
[0.802s] Level 1:colcon.colcon_core.package_identification:_identify(launch) by extension 'cmake'
[0.802s] Level 1:colcon.colcon_core.package_identification:_identify(launch) by extension 'python'
[0.802s] Level 1:colcon.colcon_core.package_identification:_identify(launch) by extensions ['python_setup_py']
[0.802s] Level 1:colcon.colcon_core.package_identification:_identify(launch) by extension 'python_setup_py'
[0.802s] Level 1:colcon.colcon_core.package_identification:_identify(log) by extensions ['ignore', 'ignore_ament_install']
[0.803s] Level 1:colcon.colcon_core.package_identification:_identify(log) by extension 'ignore'
[0.803s] Level 1:colcon.colcon_core.package_identification:_identify(log) ignored
[0.803s] Level 1:colcon.colcon_core.package_identification:_identify(src) by extensions ['ignore', 'ignore_ament_install']
[0.803s] Level 1:colcon.colcon_core.package_identification:_identify(src) by extension 'ignore'
[0.804s] Level 1:colcon.colcon_core.package_identification:_identify(src) by extension 'ignore_ament_install'
[0.804s] Level 1:colcon.colcon_core.package_identification:_identify(src) by extensions ['colcon_pkg']
[0.804s] Level 1:colcon.colcon_core.package_identification:_identify(src) by extension 'colcon_pkg'
[0.804s] Level 1:colcon.colcon_core.package_identification:_identify(src) by extensions ['colcon_meta']
[0.804s] Level 1:colcon.colcon_core.package_identification:_identify(src) by extension 'colcon_meta'
[0.804s] Level 1:colcon.colcon_core.package_identification:_identify(src) by extensions ['ros']
[0.804s] Level 1:colcon.colcon_core.package_identification:_identify(src) by extension 'ros'
[0.804s] Level 1:colcon.colcon_core.package_identification:_identify(src) by extensions ['cmake', 'python']
[0.805s] Level 1:colcon.colcon_core.package_identification:_identify(src) by extension 'cmake'
[0.805s] Level 1:colcon.colcon_core.package_identification:_identify(src) by extension 'python'
[0.805s] Level 1:colcon.colcon_core.package_identification:_identify(src) by extensions ['python_setup_py']
[0.805s] Level 1:colcon.colcon_core.package_identification:_identify(src) by extension 'python_setup_py'
[0.805s] Level 1:colcon.colcon_core.package_identification:_identify(src/ldlidar_port) by extensions ['ignore', 'ignore_ament_install']
[0.806s] Level 1:colcon.colcon_core.package_identification:_identify(src/ldlidar_port) by extension 'ignore'
[0.806s] Level 1:colcon.colcon_core.package_identification:_identify(src/ldlidar_port) by extension 'ignore_ament_install'
[0.806s] Level 1:colcon.colcon_core.package_identification:_identify(src/ldlidar_port) by extensions ['colcon_pkg']
[0.806s] Level 1:colcon.colcon_core.package_identification:_identify(src/ldlidar_port) by extension 'colcon_pkg'
[0.806s] Level 1:colcon.colcon_core.package_identification:_identify(src/ldlidar_port) by extensions ['colcon_meta']
[0.807s] Level 1:colcon.colcon_core.package_identification:_identify(src/ldlidar_port) by extension 'colcon_meta'
[0.807s] Level 1:colcon.colcon_core.package_identification:_identify(src/ldlidar_port) by extensions ['ros']
[0.807s] Level 1:colcon.colcon_core.package_identification:_identify(src/ldlidar_port) by extension 'ros'
[0.814s] DEBUG:colcon.colcon_core.package_identification:Package 'src/ldlidar_port' with type 'ros.ament_cmake' and name 'ldlidar'
[0.815s] Level 1:colcon.colcon_core.package_identification:_identify(src/lidar) by extensions ['ignore', 'ignore_ament_install']
[0.815s] Level 1:colcon.colcon_core.package_identification:_identify(src/lidar) by extension 'ignore'
[0.815s] Level 1:colcon.colcon_core.package_identification:_identify(src/lidar) by extension 'ignore_ament_install'
[0.815s] Level 1:colcon.colcon_core.package_identification:_identify(src/lidar) by extensions ['colcon_pkg']
[0.815s] Level 1:colcon.colcon_core.package_identification:_identify(src/lidar) by extension 'colcon_pkg'
[0.815s] Level 1:colcon.colcon_core.package_identification:_identify(src/lidar) by extensions ['colcon_meta']
[0.816s] Level 1:colcon.colcon_core.package_identification:_identify(src/lidar) by extension 'colcon_meta'
[0.816s] Level 1:colcon.colcon_core.package_identification:_identify(src/lidar) by extensions ['ros']
[0.816s] Level 1:colcon.colcon_core.package_identification:_identify(src/lidar) by extension 'ros'
[0.817s] DEBUG:colcon.colcon_core.package_identification:Package 'src/lidar' with type 'ros.ament_python' and name 'lidar'
[0.818s] Level 1:colcon.colcon_core.package_discovery:discover_packages(recursive) using defaults
[0.818s] Level 1:colcon.colcon_core.package_discovery:discover_packages(ignore) discover
[0.818s] Level 1:colcon.colcon_core.package_discovery:discover_packages(ignore) using defaults
[0.818s] Level 1:colcon.colcon_core.package_discovery:discover_packages(path) discover
[0.818s] Level 1:colcon.colcon_core.package_discovery:discover_packages(path) using defaults
[0.894s] INFO:colcon.colcon_core.package_selection:Skipping not selected package 'ldlidar' in 'src/ldlidar_port'
[0.896s] Level 1:colcon.colcon_core.package_discovery:discover_packages(prefix_path) check parameters
[0.896s] Level 1:colcon.colcon_core.package_discovery:discover_packages(prefix_path) discover
[0.909s] DEBUG:colcon.colcon_installed_package_information.package_discovery:Found 1 installed packages in /home/xiluo/Swept_lidar/install
[0.914s] DEBUG:colcon.colcon_installed_package_information.package_discovery:Found 382 installed packages in /opt/ros/jazzy
[0.917s] Level 1:colcon.colcon_core.package_discovery:discover_packages(prefix_path) using defaults
[1.078s] Level 5:colcon.colcon_core.verb:set package 'lidar' build argument 'cmake_args' from command line to 'None'
[1.078s] Level 5:colcon.colcon_core.verb:set package 'lidar' build argument 'cmake_target' from command line to 'None'
[1.079s] Level 5:colcon.colcon_core.verb:set package 'lidar' build argument 'cmake_target_skip_unavailable' from command line to 'False'
[1.079s] Level 5:colcon.colcon_core.verb:set package 'lidar' build argument 'cmake_clean_cache' from command line to 'False'
[1.079s] Level 5:colcon.colcon_core.verb:set package 'lidar' build argument 'cmake_clean_first' from command line to 'False'
[1.079s] Level 5:colcon.colcon_core.verb:set package 'lidar' build argument 'cmake_force_configure' from command line to 'False'
[1.079s] Level 5:colcon.colcon_core.verb:set package 'lidar' build argument 'ament_cmake_args' from command line to 'None'
[1.079s] Level 5:colcon.colcon_core.verb:set package 'lidar' build argument 'catkin_cmake_args' from command line to 'None'
[1.079s] Level 5:colcon.colcon_core.verb:set package 'lidar' build argument 'catkin_skip_building_tests' from command line to 'False'
[1.079s] DEBUG:colcon.colcon_core.verb:Building package 'lidar' with the following arguments: {'ament_cmake_args': None, 'build_base': '/home/xiluo/Swept_lidar/build/lidar', 'catkin_cmake_args': None, 'catkin_skip_building_tests': False, 'cmake_args': None, 'cmake_clean_cache': False, 'cmake_clean_first': False, 'cmake_force_configure': False, 'cmake_target': None, 'cmake_target_skip_unavailable': False, 'install_base': '/home/xiluo/Swept_lidar/install/lidar', 'merge_install': False, 'path': '/home/xiluo/Swept_lidar/src/lidar', 'symlink_install': False, 'test_result_base': None}
[1.079s] INFO:colcon.colcon_core.executor:Executing jobs using 'parallel' executor
[1.083s] DEBUG:colcon.colcon_parallel_executor.executor.parallel:run_until_complete
[1.084s] INFO:colcon.colcon_ros.task.ament_python.build:Building ROS package in '/home/xiluo/Swept_lidar/src/lidar' with build type 'ament_python'
[1.084s] Level 1:colcon.colcon_core.shell:create_environment_hook('lidar', 'ament_prefix_path')
[1.103s] INFO:colcon.colcon_core.plugin_system:Skipping extension 'colcon_core.shell.bat': Not used on non-Windows systems
[1.104s] INFO:colcon.colcon_core.shell:Creating environment hook '/home/xiluo/Swept_lidar/install/lidar/share/lidar/hook/ament_prefix_path.ps1'
[1.108s] INFO:colcon.colcon_core.shell:Creating environment descriptor '/home/xiluo/Swept_lidar/install/lidar/share/lidar/hook/ament_prefix_path.dsv'
[1.110s] INFO:colcon.colcon_core.shell:Creating environment hook '/home/xiluo/Swept_lidar/install/lidar/share/lidar/hook/ament_prefix_path.sh'
[1.113s] INFO:colcon.colcon_core.shell:Skip shell extension 'powershell' for command environment: Not usable outside of PowerShell
[1.113s] DEBUG:colcon.colcon_core.shell:Skip shell extension 'dsv' for command environment
[1.781s] INFO:colcon.colcon_core.task.python.build:Building Python package in '/home/xiluo/Swept_lidar/src/lidar'
[1.781s] INFO:colcon.colcon_core.shell:Skip shell extension 'powershell' for command environment: Not usable outside of PowerShell
[1.782s] DEBUG:colcon.colcon_core.shell:Skip shell extension 'dsv' for command environment
[4.504s] DEBUG:colcon.colcon_core.event_handler.log_command:Invoking command in '/home/xiluo/Swept_lidar/src/lidar': DEBUGINFOD_URLS=https://debuginfod.ubuntu.com PYTHONPATH=/home/xiluo/Swept_lidar/build/lidar/prefix_override:/usr/lib/python3/dist-packages/colcon_core/task/python/colcon_distutils_commands:/home/xiluo/Swept_lidar/install/lidar/lib/python3.12/site-packages:${PYTHONPATH} /usr/bin/python3 -W ignore:setup.py install is deprecated -W ignore:easy_install command is deprecated setup.py egg_info --egg-base ../../build/lidar build --build-base /home/xiluo/Swept_lidar/build/lidar/build install --record /home/xiluo/Swept_lidar/build/lidar/install.log --single-version-externally-managed install_data
[6.091s] DEBUG:colcon.colcon_core.event_handler.log_command:Invoked command in '/home/xiluo/Swept_lidar/src/lidar' returned '0': DEBUGINFOD_URLS=https://debuginfod.ubuntu.com PYTHONPATH=/home/xiluo/Swept_lidar/build/lidar/prefix_override:/usr/lib/python3/dist-packages/colcon_core/task/python/colcon_distutils_commands:/home/xiluo/Swept_lidar/install/lidar/lib/python3.12/site-packages:${PYTHONPATH} /usr/bin/python3 -W ignore:setup.py install is deprecated -W ignore:easy_install command is deprecated setup.py egg_info --egg-base ../../build/lidar build --build-base /home/xiluo/Swept_lidar/build/lidar/build install --record /home/xiluo/Swept_lidar/build/lidar/install.log --single-version-externally-managed install_data
[6.129s] Level 1:colcon.colcon_core.environment:checking '/home/xiluo/Swept_lidar/install/lidar' for CMake module files
[6.131s] Level 1:colcon.colcon_core.environment:checking '/home/xiluo/Swept_lidar/install/lidar' for CMake config files
[6.133s] Level 1:colcon.colcon_core.environment:checking '/home/xiluo/Swept_lidar/install/lidar/lib'
[6.134s] Level 1:colcon.colcon_core.environment:checking '/home/xiluo/Swept_lidar/install/lidar/bin'
[6.134s] Level 1:colcon.colcon_core.environment:checking '/home/xiluo/Swept_lidar/install/lidar/lib/pkgconfig/lidar.pc'
[6.135s] Level 1:colcon.colcon_core.environment:checking '/home/xiluo/Swept_lidar/install/lidar/lib/python3.12/site-packages'
[6.135s] Level 1:colcon.colcon_core.shell:create_environment_hook('lidar', 'pythonpath')
[6.136s] INFO:colcon.colcon_core.shell:Creating environment hook '/home/xiluo/Swept_lidar/install/lidar/share/lidar/hook/pythonpath.ps1'
[6.138s] INFO:colcon.colcon_core.shell:Creating environment descriptor '/home/xiluo/Swept_lidar/install/lidar/share/lidar/hook/pythonpath.dsv'
[6.139s] INFO:colcon.colcon_core.shell:Creating environment hook '/home/xiluo/Swept_lidar/install/lidar/share/lidar/hook/pythonpath.sh'
[6.141s] Level 1:colcon.colcon_core.environment:checking '/home/xiluo/Swept_lidar/install/lidar/bin'
[6.142s] Level 1:colcon.colcon_core.environment:create_environment_scripts_only(lidar)
[6.142s] INFO:colcon.colcon_core.shell:Creating package script '/home/xiluo/Swept_lidar/install/lidar/share/lidar/package.ps1'
[6.146s] INFO:colcon.colcon_core.shell:Creating package descriptor '/home/xiluo/Swept_lidar/install/lidar/share/lidar/package.dsv'
[6.149s] INFO:colcon.colcon_core.shell:Creating package script '/home/xiluo/Swept_lidar/install/lidar/share/lidar/package.sh'
[6.153s] INFO:colcon.colcon_core.shell:Creating package script '/home/xiluo/Swept_lidar/install/lidar/share/lidar/package.bash'
[6.157s] INFO:colcon.colcon_core.shell:Creating package script '/home/xiluo/Swept_lidar/install/lidar/share/lidar/package.zsh'
[6.162s] Level 1:colcon.colcon_core.environment:create_file_with_runtime_dependencies(/home/xiluo/Swept_lidar/install/lidar/share/colcon-core/packages/lidar)
[6.164s] DEBUG:colcon.colcon_parallel_executor.executor.parallel:closing loop
[6.164s] DEBUG:colcon.colcon_parallel_executor.executor.parallel:loop closed
[6.164s] DEBUG:colcon.colcon_parallel_executor.executor.parallel:run_until_complete finished with '0'
[6.167s] DEBUG:colcon.colcon_core.event_reactor:joining thread
[6.190s] INFO:colcon.colcon_core.plugin_system:Skipping extension 'colcon_notification.desktop_notification.terminal_notifier': Not used on non-Darwin systems
[6.191s] INFO:colcon.colcon_core.plugin_system:Skipping extension 'colcon_notification.desktop_notification.win32': Not used on non-Windows systems
[6.191s] INFO:colcon.colcon_notification.desktop_notification:Sending desktop notification using 'notify2'
[6.276s] DEBUG:colcon.colcon_core.event_reactor:joined thread
[6.276s] INFO:colcon.colcon_core.shell:Creating prefix script '/home/xiluo/Swept_lidar/install/local_setup.ps1'
[6.280s] INFO:colcon.colcon_core.shell:Creating prefix util module '/home/xiluo/Swept_lidar/install/_local_setup_util_ps1.py'
[6.288s] INFO:colcon.colcon_core.shell:Creating prefix chain script '/home/xiluo/Swept_lidar/install/setup.ps1'
[6.294s] INFO:colcon.colcon_core.shell:Creating prefix script '/home/xiluo/Swept_lidar/install/local_setup.sh'
[6.297s] INFO:colcon.colcon_core.shell:Creating prefix util module '/home/xiluo/Swept_lidar/install/_local_setup_util_sh.py'
[6.301s] INFO:colcon.colcon_core.shell:Creating prefix chain script '/home/xiluo/Swept_lidar/install/setup.sh'
[6.307s] INFO:colcon.colcon_core.shell:Creating prefix script '/home/xiluo/Swept_lidar/install/local_setup.bash'
[6.309s] INFO:colcon.colcon_core.shell:Creating prefix chain script '/home/xiluo/Swept_lidar/install/setup.bash'
[6.313s] INFO:colcon.colcon_core.shell:Creating prefix script '/home/xiluo/Swept_lidar/install/local_setup.zsh'
[6.315s] INFO:colcon.colcon_core.shell:Creating prefix chain script '/home/xiluo/Swept_lidar/install/setup.zsh'
