[2.051s] Invoking command in '/home/xiluo/Swept_lidar/src/lidar': DEBUGINFOD_URLS=https://debuginfod.ubuntu.com PYTHONPATH=/home/xiluo/Swept_lidar/build/lidar/prefix_override:/usr/lib/python3/dist-packages/colcon_core/task/python/colcon_distutils_commands:/home/xiluo/Swept_lidar/install/lidar/lib/python3.12/site-packages:${PYTHONPATH} /usr/bin/python3 -W ignore:setup.py install is deprecated -W ignore:easy_install command is deprecated setup.py egg_info --egg-base ../../build/lidar build --build-base /home/xiluo/Swept_lidar/build/lidar/build install --record /home/xiluo/Swept_lidar/build/lidar/install.log --single-version-externally-managed install_data
[2.725s] running egg_info
[2.783s] writing ../../build/lidar/lidar.egg-info/PKG-INFO
[2.783s] writing dependency_links to ../../build/lidar/lidar.egg-info/dependency_links.txt
[2.785s] writing entry points to ../../build/lidar/lidar.egg-info/entry_points.txt
[2.785s] writing requirements to ../../build/lidar/lidar.egg-info/requires.txt
[2.786s] writing top-level names to ../../build/lidar/lidar.egg-info/top_level.txt
[2.871s] reading manifest file '../../build/lidar/lidar.egg-info/SOURCES.txt'
[2.873s] writing manifest file '../../build/lidar/lidar.egg-info/SOURCES.txt'
[2.874s] running build
[2.875s] running build_py
[2.875s] running install
[2.888s] running install_lib
[2.949s] running install_data
[2.950s] running install_egg_info
[3.014s] removing '/home/xiluo/Swept_lidar/install/lidar/lib/python3.12/site-packages/lidar-0.0.0-py3.12.egg-info' (and everything under it)
[3.014s] Copying ../../build/lidar/lidar.egg-info to /home/xiluo/Swept_lidar/install/lidar/lib/python3.12/site-packages/lidar-0.0.0-py3.12.egg-info
[3.019s] running install_scripts
[3.380s] Installing rotate_wheel script to /home/xiluo/Swept_lidar/install/lidar/lib/lidar
[3.381s] writing list of installed files to '/home/xiluo/Swept_lidar/build/lidar/install.log'
[3.431s] Invoked command in '/home/xiluo/Swept_lidar/src/lidar' returned '0': DEBUGINFOD_URLS=https://debuginfod.ubuntu.com PYTHONPATH=/home/xiluo/Swept_lidar/build/lidar/prefix_override:/usr/lib/python3/dist-packages/colcon_core/task/python/colcon_distutils_commands:/home/xiluo/Swept_lidar/install/lidar/lib/python3.12/site-packages:${PYTHONPATH} /usr/bin/python3 -W ignore:setup.py install is deprecated -W ignore:easy_install command is deprecated setup.py egg_info --egg-base ../../build/lidar build --build-base /home/xiluo/Swept_lidar/build/lidar/build install --record /home/xiluo/Swept_lidar/build/lidar/install.log --single-version-externally-managed install_data
