/home/xiluo/Swept_lidar/install/lidar/lib/python3.12/site-packages/lidar/__init__.py
/home/xiluo/Swept_lidar/install/lidar/lib/python3.12/site-packages/lidar/rotate_wheel.py
/home/xiluo/Swept_lidar/install/lidar/lib/python3.12/site-packages/lidar/__pycache__/__init__.cpython-312.pyc
/home/xiluo/Swept_lidar/install/lidar/lib/python3.12/site-packages/lidar/__pycache__/rotate_wheel.cpython-312.pyc
/home/xiluo/Swept_lidar/install/lidar/share/ament_index/resource_index/packages/lidar
/home/xiluo/Swept_lidar/install/lidar/share/lidar/package.xml
/home/xiluo/Swept_lidar/install/lidar/share/lidar/launch/start.launch.py
/home/xiluo/Swept_lidar/install/lidar/share/lidar/launch/start_gazebo.launch.py
/home/xiluo/Swept_lidar/install/lidar/share/lidar/launch/display_rviz2.launch.py
/home/xiluo/Swept_lidar/install/lidar/share/lidar/urdf/robot.urdf
/home/xiluo/Swept_lidar/install/lidar/share/lidar/config/bridge.yaml
/home/xiluo/Swept_lidar/install/lidar/share/lidar/world
/home/xiluo/Swept_lidar/install/lidar/lib/python3.12/site-packages/lidar-0.0.0-py3.12.egg-info/SOURCES.txt
/home/xiluo/Swept_lidar/install/lidar/lib/python3.12/site-packages/lidar-0.0.0-py3.12.egg-info/zip-safe
/home/xiluo/Swept_lidar/install/lidar/lib/python3.12/site-packages/lidar-0.0.0-py3.12.egg-info/requires.txt
/home/xiluo/Swept_lidar/install/lidar/lib/python3.12/site-packages/lidar-0.0.0-py3.12.egg-info/top_level.txt
/home/xiluo/Swept_lidar/install/lidar/lib/python3.12/site-packages/lidar-0.0.0-py3.12.egg-info/PKG-INFO
/home/xiluo/Swept_lidar/install/lidar/lib/python3.12/site-packages/lidar-0.0.0-py3.12.egg-info/dependency_links.txt
/home/xiluo/Swept_lidar/install/lidar/lib/python3.12/site-packages/lidar-0.0.0-py3.12.egg-info/entry_points.txt
/home/xiluo/Swept_lidar/install/lidar/lib/lidar/rotate_wheel
