[2.341s] Invoking command in '/home/xiluo/Swept_lidar/src/lidar': DEBUGINFOD_URLS=https://debuginfod.ubuntu.com PYTHONPATH=/home/xiluo/Swept_lidar/build/lidar/prefix_override:/usr/lib/python3/dist-packages/colcon_core/task/python/colcon_distutils_commands:/home/xiluo/Swept_lidar/install/lidar/lib/python3.12/site-packages:${PYTHONPATH} /usr/bin/python3 -W ignore:setup.py install is deprecated -W ignore:easy_install command is deprecated setup.py egg_info --egg-base ../../build/lidar build --build-base /home/xiluo/Swept_lidar/build/lidar/build install --record /home/xiluo/Swept_lidar/build/lidar/install.log --single-version-externally-managed install_data
[3.183s] running egg_info
[3.236s] writing ../../build/lidar/lidar.egg-info/PKG-INFO
[3.238s] writing dependency_links to ../../build/lidar/lidar.egg-info/dependency_links.txt
[3.238s] writing entry points to ../../build/lidar/lidar.egg-info/entry_points.txt
[3.238s] writing requirements to ../../build/lidar/lidar.egg-info/requires.txt
[3.238s] writing top-level names to ../../build/lidar/lidar.egg-info/top_level.txt
[3.355s] reading manifest file '../../build/lidar/lidar.egg-info/SOURCES.txt'
[3.359s] writing manifest file '../../build/lidar/lidar.egg-info/SOURCES.txt'
[3.359s] running build
[3.359s] running build_py
[3.359s] copying lidar/robot.py -> /home/xiluo/Swept_lidar/build/lidar/build/lib/lidar
[3.360s] running install
[3.376s] running install_lib
[3.434s] copying /home/xiluo/Swept_lidar/build/lidar/build/lib/lidar/robot.py -> /home/xiluo/Swept_lidar/install/lidar/lib/python3.12/site-packages/lidar
[3.435s] byte-compiling /home/xiluo/Swept_lidar/install/lidar/lib/python3.12/site-packages/lidar/robot.py to robot.cpython-312.pyc
[3.437s] running install_data
[3.438s] copying launch/start_gazebo.launch.py -> /home/xiluo/Swept_lidar/install/lidar/share/lidar/launch
[3.438s] running install_egg_info
[3.502s] removing '/home/xiluo/Swept_lidar/install/lidar/lib/python3.12/site-packages/lidar-0.0.0-py3.12.egg-info' (and everything under it)
[3.503s] Copying ../../build/lidar/lidar.egg-info to /home/xiluo/Swept_lidar/install/lidar/lib/python3.12/site-packages/lidar-0.0.0-py3.12.egg-info
[3.506s] running install_scripts
[3.904s] Installing rotate_wheel script to /home/xiluo/Swept_lidar/install/lidar/lib/lidar
[3.905s] writing list of installed files to '/home/xiluo/Swept_lidar/build/lidar/install.log'
[3.960s] Invoked command in '/home/xiluo/Swept_lidar/src/lidar' returned '0': DEBUGINFOD_URLS=https://debuginfod.ubuntu.com PYTHONPATH=/home/xiluo/Swept_lidar/build/lidar/prefix_override:/usr/lib/python3/dist-packages/colcon_core/task/python/colcon_distutils_commands:/home/xiluo/Swept_lidar/install/lidar/lib/python3.12/site-packages:${PYTHONPATH} /usr/bin/python3 -W ignore:setup.py install is deprecated -W ignore:easy_install command is deprecated setup.py egg_info --egg-base ../../build/lidar build --build-base /home/xiluo/Swept_lidar/build/lidar/build install --record /home/xiluo/Swept_lidar/build/lidar/install.log --single-version-externally-managed install_data
