[2.150s] Invoking command in '/home/xiluo/Swept_lidar/src/lidar': DEBUGINFOD_URLS=https://debuginfod.ubuntu.com PYTHONPATH=/home/xiluo/Swept_lidar/build/lidar/prefix_override:/usr/lib/python3/dist-packages/colcon_core/task/python/colcon_distutils_commands:/home/xiluo/Swept_lidar/install/lidar/lib/python3.12/site-packages:${PYTHONPATH} /usr/bin/python3 -W ignore:setup.py install is deprecated -W ignore:easy_install command is deprecated setup.py egg_info --egg-base ../../build/lidar build --build-base /home/xiluo/Swept_lidar/build/lidar/build install --record /home/xiluo/Swept_lidar/build/lidar/install.log --single-version-externally-managed install_data
[2.913s] running egg_info
[2.967s] writing ../../build/lidar/lidar.egg-info/PKG-INFO
[2.968s] writing dependency_links to ../../build/lidar/lidar.egg-info/dependency_links.txt
[2.969s] writing entry points to ../../build/lidar/lidar.egg-info/entry_points.txt
[2.969s] writing requirements to ../../build/lidar/lidar.egg-info/requires.txt
[2.969s] writing top-level names to ../../build/lidar/lidar.egg-info/top_level.txt
[3.059s] reading manifest file '../../build/lidar/lidar.egg-info/SOURCES.txt'
[3.061s] writing manifest file '../../build/lidar/lidar.egg-info/SOURCES.txt'
[3.062s] running build
[3.062s] running build_py
[3.062s] running install
[3.075s] running install_lib
[3.122s] running install_data
[3.123s] copying launch/start_gazebo.launch.py -> /home/xiluo/Swept_lidar/install/lidar/share/lidar/launch
[3.123s] running install_egg_info
[3.174s] removing '/home/xiluo/Swept_lidar/install/lidar/lib/python3.12/site-packages/lidar-0.0.0-py3.12.egg-info' (and everything under it)
[3.175s] Copying ../../build/lidar/lidar.egg-info to /home/xiluo/Swept_lidar/install/lidar/lib/python3.12/site-packages/lidar-0.0.0-py3.12.egg-info
[3.177s] running install_scripts
[3.564s] Installing rotate_wheel script to /home/xiluo/Swept_lidar/install/lidar/lib/lidar
[3.565s] writing list of installed files to '/home/xiluo/Swept_lidar/build/lidar/install.log'
[3.629s] Invoked command in '/home/xiluo/Swept_lidar/src/lidar' returned '0': DEBUGINFOD_URLS=https://debuginfod.ubuntu.com PYTHONPATH=/home/xiluo/Swept_lidar/build/lidar/prefix_override:/usr/lib/python3/dist-packages/colcon_core/task/python/colcon_distutils_commands:/home/xiluo/Swept_lidar/install/lidar/lib/python3.12/site-packages:${PYTHONPATH} /usr/bin/python3 -W ignore:setup.py install is deprecated -W ignore:easy_install command is deprecated setup.py egg_info --egg-base ../../build/lidar build --build-base /home/xiluo/Swept_lidar/build/lidar/build install --record /home/xiluo/Swept_lidar/build/lidar/install.log --single-version-externally-managed install_data
