[3.418s] Invoking command in '/home/xiluo/Swept_lidar/src/lidar': DEBUGINFOD_URLS=https://debuginfod.ubuntu.com PYTHONPATH=/home/xiluo/Swept_lidar/build/lidar/prefix_override:/usr/lib/python3/dist-packages/colcon_core/task/python/colcon_distutils_commands:/home/xiluo/Swept_lidar/install/lidar/lib/python3.12/site-packages:${PYTHONPATH} /usr/bin/python3 -W ignore:setup.py install is deprecated -W ignore:easy_install command is deprecated setup.py egg_info --egg-base ../../build/lidar build --build-base /home/xiluo/Swept_lidar/build/lidar/build install --record /home/xiluo/Swept_lidar/build/lidar/install.log --single-version-externally-managed install_data
[4.204s] running egg_info
[4.260s] writing ../../build/lidar/lidar.egg-info/PKG-INFO
[4.261s] writing dependency_links to ../../build/lidar/lidar.egg-info/dependency_links.txt
[4.262s] writing entry points to ../../build/lidar/lidar.egg-info/entry_points.txt
[4.262s] writing requirements to ../../build/lidar/lidar.egg-info/requires.txt
[4.263s] writing top-level names to ../../build/lidar/lidar.egg-info/top_level.txt
[4.387s] reading manifest file '../../build/lidar/lidar.egg-info/SOURCES.txt'
[4.401s] writing manifest file '../../build/lidar/lidar.egg-info/SOURCES.txt'
[4.402s] running build
[4.403s] running build_py
[4.403s] running install
[4.416s] running install_lib
[4.468s] running install_data
[4.468s] copying package.xml -> /home/xiluo/Swept_lidar/install/lidar/share/lidar
[4.469s] copying launch/start_gazebo.launch.py -> /home/xiluo/Swept_lidar/install/lidar/share/lidar/launch
[4.469s] running install_egg_info
[4.532s] removing '/home/xiluo/Swept_lidar/install/lidar/lib/python3.12/site-packages/lidar-0.0.0-py3.12.egg-info' (and everything under it)
[4.533s] Copying ../../build/lidar/lidar.egg-info to /home/xiluo/Swept_lidar/install/lidar/lib/python3.12/site-packages/lidar-0.0.0-py3.12.egg-info
[4.537s] running install_scripts
[4.942s] Installing rotate_wheel script to /home/xiluo/Swept_lidar/install/lidar/lib/lidar
[4.943s] writing list of installed files to '/home/xiluo/Swept_lidar/build/lidar/install.log'
[5.005s] Invoked command in '/home/xiluo/Swept_lidar/src/lidar' returned '0': DEBUGINFOD_URLS=https://debuginfod.ubuntu.com PYTHONPATH=/home/xiluo/Swept_lidar/build/lidar/prefix_override:/usr/lib/python3/dist-packages/colcon_core/task/python/colcon_distutils_commands:/home/xiluo/Swept_lidar/install/lidar/lib/python3.12/site-packages:${PYTHONPATH} /usr/bin/python3 -W ignore:setup.py install is deprecated -W ignore:easy_install command is deprecated setup.py egg_info --egg-base ../../build/lidar build --build-base /home/xiluo/Swept_lidar/build/lidar/build install --record /home/xiluo/Swept_lidar/build/lidar/install.log --single-version-externally-managed install_data
