[2.425s] Invoking command in '/home/xiluo/Swept_lidar/src/lidar': DEBUGINFOD_URLS=https://debuginfod.ubuntu.com PYTHONPATH=/home/xiluo/Swept_lidar/build/lidar/prefix_override:/usr/lib/python3/dist-packages/colcon_core/task/python/colcon_distutils_commands:/home/xiluo/Swept_lidar/install/lidar/lib/python3.12/site-packages:${PYTHONPATH} /usr/bin/python3 -W ignore:setup.py install is deprecated -W ignore:easy_install command is deprecated setup.py egg_info --egg-base ../../build/lidar build --build-base /home/xiluo/Swept_lidar/build/lidar/build install --record /home/xiluo/Swept_lidar/build/lidar/install.log --single-version-externally-managed install_data
[3.228s] running egg_info
[3.288s] writing ../../build/lidar/lidar.egg-info/PKG-INFO
[3.290s] writing dependency_links to ../../build/lidar/lidar.egg-info/dependency_links.txt
[3.291s] writing entry points to ../../build/lidar/lidar.egg-info/entry_points.txt
[3.291s] writing requirements to ../../build/lidar/lidar.egg-info/requires.txt
[3.291s] writing top-level names to ../../build/lidar/lidar.egg-info/top_level.txt
[3.413s] reading manifest file '../../build/lidar/lidar.egg-info/SOURCES.txt'
[3.413s] writing manifest file '../../build/lidar/lidar.egg-info/SOURCES.txt'
[3.414s] running build
[3.414s] running build_py
[3.414s] running install
[3.430s] running install_lib
[3.492s] running install_data
[3.492s] copying urdf/robot.urdf -> /home/xiluo/Swept_lidar/install/lidar/share/lidar/urdf
[3.493s] running install_egg_info
[3.552s] removing '/home/xiluo/Swept_lidar/install/lidar/lib/python3.12/site-packages/lidar-0.0.0-py3.12.egg-info' (and everything under it)
[3.553s] Copying ../../build/lidar/lidar.egg-info to /home/xiluo/Swept_lidar/install/lidar/lib/python3.12/site-packages/lidar-0.0.0-py3.12.egg-info
[3.555s] running install_scripts
[3.962s] Installing rotate_wheel script to /home/xiluo/Swept_lidar/install/lidar/lib/lidar
[3.962s] writing list of installed files to '/home/xiluo/Swept_lidar/build/lidar/install.log'
[4.029s] Invoked command in '/home/xiluo/Swept_lidar/src/lidar' returned '0': DEBUGINFOD_URLS=https://debuginfod.ubuntu.com PYTHONPATH=/home/xiluo/Swept_lidar/build/lidar/prefix_override:/usr/lib/python3/dist-packages/colcon_core/task/python/colcon_distutils_commands:/home/xiluo/Swept_lidar/install/lidar/lib/python3.12/site-packages:${PYTHONPATH} /usr/bin/python3 -W ignore:setup.py install is deprecated -W ignore:easy_install command is deprecated setup.py egg_info --egg-base ../../build/lidar build --build-base /home/xiluo/Swept_lidar/build/lidar/build install --record /home/xiluo/Swept_lidar/build/lidar/install.log --single-version-externally-managed install_data
